---------------------------
Mo 8. Okt 17:16:38 CEST 2018
Tangohost:  10.6.16.78
ping Tangohost successful!
starting PySerialDS device
3295 python
starting PhytronMcc2
3298 python
starting PhytronMcc2 successful!
In PySerialClass  constructor
('Baudrate is: ', 56700)
('Port is: ', '/dev/ttyUSB0')
10.6.16.78:10000
Get_name: Lab/MCC2/0
Ctrl.Device:  Lab/SerialDS/1
Modul Adresse:  0
Get_name: Lab/MCC2/1
Ctrl.Device:  Lab/SerialDS/1
Modul Adresse:  1
Ready to accept request
---------------------------
Mo 8. Okt 17:17:55 CEST 2018
Tangohost:  10.6.16.78
ping Tangohost successful!
starting PySerialDS device
3357 python
starting PhytronMcc2
3360 python
starting PhytronMcc2 successful!
In PySerialClass  constructor
('Baudrate is: ', 56700)
('Port is: ', '/dev/ttyUSB0')
10.6.16.78:10000
Get_name: Lab/MCC2/0
Ctrl.Device:  Lab/SerialDS/1
Modul Adresse:  0
Get_name: Lab/MCC2/1
Ctrl.Device:  Lab/SerialDS/1
Modul Adresse:  1
Ready to accept request
---------------------------
Mo 8. Okt 17:18:45 CEST 2018
Tangohost:  10.6.16.78
ping Tangohost successful!
starting PySerialDS device
---------------------------
Mo 8. Okt 17:20:14 CEST 2018
Tangohost:  10.6.16.78
ping Tangohost successful!
starting PySerialDS device
3432 python
starting PhytronMcc2
3435 python
starting PhytronMcc2 successful!
10.6.16.78:10000
Get_name: Lab/MCC2/0
Ctrl.Device:  Lab/SerialDS/1
Modul Adresse:  0
Get_name: Lab/MCC2/1
Ctrl.Device:  Lab/SerialDS/1
Modul Adresse:  1
Ready to accept request
In PySerialClass  constructor
('Baudrate is: ', 56700)
('Port is: ', '/dev/ttyUSB0')
---------------------------
Mo 8. Okt 17:20:33 CEST 2018
Tangohost:  10.6.16.78
ping Tangohost successful!
starting PySerialDS device
3477 python
starting PhytronMcc2
3480 python
starting PhytronMcc2 successful!
10.6.16.78:10000
Get_name: Lab/MCC2/0
Ctrl.Device:  Lab/SerialDS/1
Modul Adresse:  0
Get_name: Lab/MCC2/1
Ctrl.Device:  Lab/SerialDS/1
Modul Adresse:  1
Ready to accept request
In PySerialClass  constructor
('Baudrate is: ', 56700)
('Port is: ', '/dev/ttyUSB0')
---------------------------
Mo 8. Okt 17:22:26 CEST 2018
Tangohost:  10.6.16.78
ping Tangohost successful!
starting PySerialDS device
3598 python
starting PhytronMcc2
3620 python
starting PhytronMcc2 successful!
omniORB: Error: cannot create directory: /tmp/omni-pi
omniORB: Error: Unable to create an endpoint of this description: giop:unix:
10.6.16.78:10000
Exiting: Server exited with unforseen exception:
unidentifiable C++ exception

Exited
In PySerialClass  constructor
('Baudrate is: ', 56700)
('Port is: ', '/dev/ttyUSB0')
---------------------------
Mo 8. Okt 17:24:07 CEST 2018
Tangohost:  10.6.16.78
ping Tangohost successful!
starting PySerialDS device
3710 python
starting PhytronMcc2
3713 python
starting PhytronMcc2 successful!
terminate called after throwing an instance of 'omni_thread_fatal'
10.6.16.78:10000
Get_name: Lab/MCC2/0
Ctrl.Device:  Lab/SerialDS/1
Modul Adresse:  0
Exiting: Server exited with tango.DevFailed:
DevFailed[
DevError[
    desc = Device lab/serialds/1 is not exported (hint: try starting the device server)
  origin = DeviceProxy::get_corba_name()
  reason = API_DeviceNotExported
severity = ERR]
]

Exited
In PySerialClass  constructor
('Baudrate is: ', 56700)
('Port is: ', '/dev/ttyUSB0')
---------------------------
Mo 8. Okt 17:26:06 CEST 2018
Tangohost:  10.6.16.78
ping Tangohost successful!
starting PySerialDS device
3772 python
starting PhytronMcc2
3742 python
3775 python
starting PhytronMcc2 successful!
10.6.16.78:10000
This server is already running, exiting!
---------------------------
Mo 8. Okt 17:27:07 CEST 2018
Tangohost:  10.6.16.78
ping Tangohost successful!
starting PySerialDS device
3820 python
starting PhytronMcc2
3823 python
starting PhytronMcc2 successful!
terminate called after throwing an instance of 'omni_thread_fatal'
10.6.16.78:10000
Get_name: Lab/MCC2/0
Ctrl.Device:  Lab/SerialDS/1
Modul Adresse:  0
Exiting: Server exited with tango.DevFailed:
DevFailed[
DevError[
    desc = TRANSIENT CORBA system exception: TRANSIENT_ConnectFailed
  origin = Connection::connect
  reason = API_CorbaException
severity = ERR]

DevError[
    desc = Failed to connect to device lab/serialds/1
  origin = Connection::connect
  reason = API_CantConnectToDevice
severity = ERR]
]

Exited
In PySerialClass  constructor
('Baudrate is: ', 56700)
('Port is: ', '/dev/ttyUSB0')
---------------------------
Mo 8. Okt 17:29:48 CEST 2018
Tangohost:  10.6.16.78
ping Tangohost successful!
starting PySerialDS device
3869 python
starting PhytronMcc2
3882 python
starting PhytronMcc2 successful!
10.6.16.78:10000
Get_name: Lab/MCC2/0
Ctrl.Device:  Lab/SerialDS/1
Modul Adresse:  0
Get_name: Lab/MCC2/1
Ctrl.Device:  Lab/SerialDS/1
Modul Adresse:  1
Ready to accept request
In PySerialClass  constructor
('Baudrate is: ', 56700)
('Port is: ', '/dev/ttyUSB0')
---------------------------
Mo 8. Okt 17:30:12 CEST 2018
Tangohost:  10.6.16.78
ping Tangohost successful!
starting PySerialDS device
3923 python
starting PhytronMcc2
3936 python
starting PhytronMcc2 successful!
In PySerialClass  constructor
('Baudrate is: ', 56700)
('Port is: ', '/dev/ttyUSB0')
10.6.16.78:10000
Get_name: Lab/MCC2/0
Ctrl.Device:  Lab/SerialDS/1
Modul Adresse:  0
Get_name: Lab/MCC2/1
Ctrl.Device:  Lab/SerialDS/1
Modul Adresse:  1
Ready to accept request
---------------------------
Mo 8. Okt 17:30:40 CEST 2018
Tangohost:  10.6.16.78
ping Tangohost successful!
starting PySerialDS device
3966 python
starting PhytronMcc2
3980 python
starting PhytronMcc2 successful!
10.6.16.78:10000
Get_name: Lab/MCC2/0
Ctrl.Device:  Lab/SerialDS/1
Modul Adresse:  0
Get_name: Lab/MCC2/1
Ctrl.Device:  Lab/SerialDS/1
Modul Adresse:  1
Ready to accept request
In PySerialClass  constructor
('Baudrate is: ', 56700)
('Port is: ', '/dev/ttyUSB0')
---------------------------
Mo 8. Okt 17:31:43 CEST 2018
Tangohost:  10.6.16.78
ping Tangohost successful!
starting PySerialDS device
2686 python
starting PhytronMcc2
2731 python
starting PhytronMcc2 successful!
In PySerialClass  constructor
('Baudrate is: ', 56700)
('Port is: ', '/dev/ttyUSB0')
10.6.16.78:10000
Get_name: Lab/MCC2/0
Ctrl.Device:  Lab/SerialDS/1
Modul Adresse:  0
Get_name: Lab/MCC2/1
Ctrl.Device:  Lab/SerialDS/1
Modul Adresse:  1
Ready to accept request
---------------------------
Di 9. Okt 15:13:39 CEST 2018
Tangohost:  10.6.16.78
ping Tangohost successful!
starting PySerialDS device
2778 python
starting PhytronMcc2
2787 python
starting PhytronMcc2 successful!
